queries/forest-3.jpg	109000/109080.jpg:0.913113	138000/138091.jpg:0.968196	114000/114045.jpg:0.97643	106000/106030.jpg:0.996262	230000/230008.jpg:1.01158	207000/207073.jpg:1.02242	257000/257018.jpg:1.12215	139000/139053.jpg:1.14197	232000/232080.jpg:1.16607	107000/107082.jpg:1.18633
queries/concrete-cross.jpg	191000/191029.jpg:1.07789	18000/18016.jpg:1.09672	139000/139032.jpg:1.15982	172000/172044.jpg:1.16116	204000/204030.jpg:1.16318	172000/172002.jpg:1.16638	241000/241028.jpg:1.17083	144000/144091.jpg:1.19088	257000/257008.jpg:1.1979	114000/114088.jpg:1.20096
queries/duck-4.jpg	159000/159093.jpg:0.842028	103000/103070.jpg:0.943966	240000/240071.jpg:0.946203	109000/109014.jpg:0.973967	129000/129097.jpg:1.00968	174000/174096.jpg:1.02627	238000/238055.jpg:1.02985	110000/110077.jpg:1.03221	237000/237063.jpg:1.03892	142000/142007.jpg:1.04167
queries/airplane-2.jpg	184000/184095.jpg:0.836185	225000/225017.jpg:0.847357	257000/257040.jpg:0.862345	257000/257021.jpg:0.862702	191000/191095.jpg:0.866862	217000/217039.jpg:0.868771	228000/228024.jpg:0.876022	248000/248088.jpg:0.921954	236000/236001.jpg:0.947246	228000/228019.jpg:0.958958
queries/clip-3.jpg	171000/171001.jpg:0.996791	205000/205059.jpg:1.055	248000/248008.jpg:1.08391	120000/120070.jpg:1.08723	173000/173069.jpg:1.14587	139000/139066.jpg:1.15039	199000/199037.jpg:1.15129	184000/184015.jpg:1.17408	129000/129090.jpg:1.17617	160000/160000.jpg:1.17824
queries/forest-54.jpg	218000/218081.jpg:0.704649	175000/175065.jpg:0.788124	168000/168099.jpg:0.862448	168000/168033.jpg:0.868038	105000/105011.jpg:0.94873	255000/255013.jpg:0.950085	123000/123009.jpg:0.954723	236000/236009.jpg:0.984689	137000/137061.jpg:0.987954	122000/122004.jpg:1.00344
queries/field-20.jpg	107000/107005.jpg:0.782689	157000/157021.jpg:0.821384	104000/104074.jpg:0.988635	220000/220051.jpg:1.04183	232000/232070.jpg:1.06726	174000/174002.jpg:1.14349	17000/17002.jpg:1.14879	112000/112057.jpg:1.21639	251000/251072.jpg:1.22166	113000/113051.jpg:1.27442
queries/black-currant-4.jpg	261000/261077.jpg:0.902828	214000/214039.jpg:0.911012	127000/127004.jpg:0.945122	104000/104043.jpg:0.962552	118000/118091.jpg:0.974183	157000/157004.jpg:0.990144	104000/104096.jpg:0.991446	249000/249039.jpg:0.999969	206000/206069.jpg:1.00159	103000/103067.jpg:1.00182
queries/apple-11.jpg	132000/132039.jpg:0.962332	133000/133050.jpg:1.00671	133000/133052.jpg:1.02279	207000/207042.jpg:1.05616	115000/115003.jpg:1.1073	192000/192011.jpg:1.10852	133000/133049.jpg:1.11231	221000/221070.jpg:1.11682	132000/132036.jpg:1.12187	133000/133012.jpg:1.12188
queries/egret-2.jpg	207000/207046.jpg:0.927184	173000/173077.jpg:1.01369	215000/215052.jpg:1.17853	117000/117031.jpg:1.19897	145000/145032.jpg:1.21085	17000/17038.jpg:1.215	227000/227009.jpg:1.22011	110000/110037.jpg:1.23846	15000/15076.jpg:1.25589	261000/261054.jpg:1.25699
queries/archipelago-2.jpg	251000/251055.jpg:0.765311	136000/136050.jpg:1.01846	106000/106050.jpg:1.06124	249000/249060.jpg:1.06612	159000/159088.jpg:1.10975	142000/142067.jpg:1.11131	138000/138048.jpg:1.11308	109000/109061.jpg:1.11898	159000/159086.jpg:1.13809	228000/228091.jpg:1.14369
queries/bay.jpg	241000/241069.jpg:0.838868	116000/116043.jpg:0.886735	215000/215022.jpg:0.917176	114000/114040.jpg:0.950252	246000/246098.jpg:0.962663	138000/138011.jpg:0.963599	144000/144091.jpg:0.979583	138000/138064.jpg:0.992671	243000/243012.jpg:1.00019	120000/120076.jpg:1.00083
queries/coffee-beans-2.jpg	168000/168025.jpg:0.842473	168000/168027.jpg:0.903518	205000/205061.jpg:0.969687	193000/193063.jpg:0.988442	123000/123054.jpg:1.05807	220000/220095.jpg:1.06587	256000/256067.jpg:1.06734	168000/168095.jpg:1.07	168000/168044.jpg:1.0888	145000/145053.jpg:1.10244
queries/figs.jpg	145000/145069.jpg:0.846967	187000/187048.jpg:0.960009	158000/158059.jpg:0.979444	240000/240040.jpg:0.987639	159000/159002.jpg:0.989645	131000/131089.jpg:0.992	16000/16005.jpg:1.00339	136000/136021.jpg:1.00425	196000/196050.jpg:1.02875	159000/159007.jpg:1.03347
queries/acorn.jpg	247000/247020.jpg:0.752191	159000/159010.jpg:0.772205	158000/158062.jpg:0.804683	108000/108094.jpg:0.821179	123000/123081.jpg:0.82797	196000/196087.jpg:0.830716	124000/124009.jpg:0.836565	127000/127060.jpg:0.837856	134000/134043.jpg:0.839805	187000/187058.jpg:0.840616
queries/forest-65.jpg	173000/173084.jpg:1.03629	106000/106066.jpg:1.04437	213000/213089.jpg:1.04847	213000/213005.jpg:1.06337	196000/196069.jpg:1.09603	18000/18062.jpg:1.11765	181000/181081.jpg:1.11901	213000/213091.jpg:1.12604	171000/171051.jpg:1.12739	120000/120023.jpg:1.14262
queries/branch-2.jpg	160000/160061.jpg:0.717616	127000/127067.jpg:0.747111	169000/169094.jpg:0.800463	152000/152034.jpg:0.833593	160000/160015.jpg:0.837925	240000/240022.jpg:0.84012	169000/169072.jpg:0.84191	115000/115021.jpg:0.863407	189000/189066.jpg:0.873343	169000/169040.jpg:0.883103
queries/arches.jpg	254000/254050.jpg:0.988527	254000/254021.jpg:1.00762	260000/260087.jpg:1.04583	227000/227095.jpg:1.06523	254000/254036.jpg:1.07761	203000/203050.jpg:1.10268	235000/235012.jpg:1.12255	212000/212018.jpg:1.14626	217000/217074.jpg:1.14682	162000/162035.jpg:1.16046
queries/duck-5.jpg	235000/235005.jpg:0.971798	202000/202015.jpg:0.996232	141000/141034.jpg:1.01072	210000/210066.jpg:1.03815	166000/166078.jpg:1.06606	246000/246043.jpg:1.0737	147000/147061.jpg:1.07698	15000/15081.jpg:1.0805	140000/140031.jpg:1.09926	116000/116091.jpg:1.10799
queries/apollo-2.jpg	172000/172024.jpg:0.993698	135000/135081.jpg:1.03852	135000/135079.jpg:1.0393	103000/103030.jpg:1.04426	213000/213072.jpg:1.0573	139000/139010.jpg:1.07256	135000/135045.jpg:1.08424	143000/143006.jpg:1.11065	225000/225079.jpg:1.12797	254000/254024.jpg:1.13889
queries/archipelago.jpg	173000/173059.jpg:1.05734	109000/109061.jpg:1.11208	261000/261011.jpg:1.12088	228000/228091.jpg:1.13197	241000/241067.jpg:1.13779	215000/215009.jpg:1.14683	108000/108090.jpg:1.15026	207000/207040.jpg:1.17767	232000/232065.jpg:1.17805	241000/241072.jpg:1.18283
queries/canyon.jpg	202000/202093.jpg:0.950874	123000/123002.jpg:0.96531	256000/256017.jpg:0.973794	204000/204062.jpg:0.976779	107000/107089.jpg:0.998534	201000/201095.jpg:1.00006	122000/122040.jpg:1.00423	229000/229031.jpg:1.00514	261000/261088.jpg:1.05557	136000/136055.jpg:1.06973
queries/ellen-browning-scripps-park.jpg	108000/108000.jpg:0.932455	139000/139085.jpg:0.969901	16000/16093.jpg:0.971541	257000/257015.jpg:0.98036	128000/128011.jpg:1.00455	173000/173087.jpg:1.01336	15000/15083.jpg:1.01892	104000/104006.jpg:1.04684	114000/114078.jpg:1.06256	15000/15020.jpg:1.06692
queries/food-18.jpg	134000/134078.jpg:1.04676	221000/221003.jpg:1.0569	122000/122090.jpg:1.05972	128000/128021.jpg:1.07593	139000/139050.jpg:1.07977	191000/191033.jpg:1.0867	225000/225009.jpg:1.17968	141000/141081.jpg:1.21154	196000/196054.jpg:1.22199	199000/199038.jpg:1.24849
queries/columbia-start.jpg	164000/164077.jpg:0.881735	164000/164080.jpg:1.11975	144000/144058.jpg:1.12991	164000/164043.jpg:1.15444	115000/115038.jpg:1.19739	159000/159072.jpg:1.1989	18000/18097.jpg:1.21269	209000/209052.jpg:1.21399	235000/235077.jpg:1.21973	136000/136002.jpg:1.24621
queries/cheese-plate.jpg	256000/256046.jpg:1.08263	216000/216040.jpg:1.13871	227000/227010.jpg:1.1614	134000/134026.jpg:1.18032	235000/235005.jpg:1.19091	253000/253013.jpg:1.1912	161000/161001.jpg:1.21833	237000/237096.jpg:1.22774	207000/207048.jpg:1.25551	161000/161043.jpg:1.2632
queries/clouds-2.jpg	191000/191021.jpg:0.79351	207000/207052.jpg:0.810343	247000/247093.jpg:1.04395	184000/184031.jpg:1.06245	199000/199004.jpg:1.06589	261000/261092.jpg:1.11178	193000/193059.jpg:1.12479	191000/191092.jpg:1.1349	172000/172075.jpg:1.14951	147000/147094.jpg:1.15219
queries/airplane-takeoff-3.jpg	230000/230096.jpg:0.920143	225000/225092.jpg:1.0399	138000/138009.jpg:1.07775	228000/228024.jpg:1.10868	106000/106030.jpg:1.11464	191000/191095.jpg:1.12494	135000/135045.jpg:1.16018	212000/212035.jpg:1.17945	114000/114071.jpg:1.18421	191000/191041.jpg:1.19347
queries/alcatraz-island-prison.jpg	255000/255099.jpg:0.887278	244000/244092.jpg:0.929164	236000/236072.jpg:0.965882	173000/173082.jpg:0.974588	149000/149071.jpg:0.979857	201000/201043.jpg:0.985277	224000/224047.jpg:0.998242	167000/167028.jpg:1.01233	229000/229078.jpg:1.0304	128000/128052.jpg:1.03343
queries/cactus-71.jpg	237000/237067.jpg:1.25171	115000/115088.jpg:1.27225	218000/218095.jpg:1.37179	221000/221025.jpg:1.47414	129000/129041.jpg:1.49301	161000/161081.jpg:1.51615	109000/109041.jpg:1.52187	181000/181090.jpg:1.52915	124000/124065.jpg:1.53928	110000/110046.jpg:1.54025
queries/balloons-14.jpg	191000/191095.jpg:1.0085	199000/199098.jpg:1.01109	192000/192067.jpg:1.21542	193000/193044.jpg:1.26817	213000/213027.jpg:1.2981	164000/164085.jpg:1.30234	235000/235088.jpg:1.34878	172000/172080.jpg:1.35567	171000/171072.jpg:1.36701	19000/19042.jpg:1.37231
queries/apple-16.jpg	124000/124018.jpg:0.986325	124000/124064.jpg:1.10567	131000/131032.jpg:1.10672	124000/124012.jpg:1.11366	124000/124005.jpg:1.14565	192000/192078.jpg:1.15247	133000/133085.jpg:1.15353	131000/131048.jpg:1.15506	239000/239040.jpg:1.16405	124000/124023.jpg:1.19074
queries/church-tower-with-mountain-in-background.jpg	136000/136025.jpg:1.01028	213000/213091.jpg:1.07859	174000/174066.jpg:1.09508	116000/116041.jpg:1.12286	243000/243047.jpg:1.12868	235000/235067.jpg:1.15409	219000/219095.jpg:1.16907	227000/227077.jpg:1.17768	235000/235023.jpg:1.22627	139000/139034.jpg:1.22683
queries/boat-race.jpg	184000/184059.jpg:0.894715	18000/18079.jpg:0.962006	243000/243061.jpg:1.02343	123000/123072.jpg:1.02633	184000/184087.jpg:1.0369	106000/106072.jpg:1.06857	132000/132053.jpg:1.08551	139000/139078.jpg:1.10019	171000/171032.jpg:1.1048	219000/219001.jpg:1.11448
queries/aquarium-fish-25.jpg	19000/19045.jpg:1.19044	228000/228073.jpg:1.20359	227000/227073.jpg:1.20979	154000/154031.jpg:1.22636	234000/234088.jpg:1.2318	133000/133068.jpg:1.237	152000/152011.jpg:1.24455	187000/187009.jpg:1.25069	239000/239040.jpg:1.2524	157000/157022.jpg:1.25454
queries/clock-2.jpg	220000/220054.jpg:0.888934	201000/201097.jpg:1.05578	122000/122049.jpg:1.06772	131000/131038.jpg:1.09558	145000/145056.jpg:1.09732	241000/241036.jpg:1.09989	215000/215037.jpg:1.11594	189000/189077.jpg:1.12308	165000/165099.jpg:1.13816	214000/214076.jpg:1.1515
queries/bee.jpg	133000/133058.jpg:0.914665	124000/124023.jpg:1.0447	127000/127025.jpg:1.0915	220000/220005.jpg:1.09252	133000/133050.jpg:1.11176	152000/152010.jpg:1.11583	189000/189001.jpg:1.12746	249000/249063.jpg:1.14193	127000/127033.jpg:1.149	152000/152044.jpg:1.16249
queries/apollo-earth.jpg	135000/135053.jpg:0.996381	163000/163039.jpg:1.0667	141000/141079.jpg:1.29784	115000/115003.jpg:1.30703	260000/260080.jpg:1.33023	158000/158005.jpg:1.35602	167000/167057.jpg:1.43789	141000/141042.jpg:1.4617	135000/135052.jpg:1.46724	126000/126020.jpg:1.51135
queries/apple-7.jpg	152000/152007.jpg:1.05007	124000/124025.jpg:1.11777	124000/124006.jpg:1.17108	133000/133020.jpg:1.19006	221000/221038.jpg:1.19706	174000/174014.jpg:1.2087	124000/124067.jpg:1.21393	192000/192013.jpg:1.22944	132000/132022.jpg:1.2444	133000/133005.jpg:1.2547
queries/balboa-park.jpg	253000/253071.jpg:0.803598	134000/134002.jpg:0.897937	104000/104094.jpg:0.930292	129000/129021.jpg:0.966323	214000/214066.jpg:0.968934	235000/235021.jpg:0.993544	197000/197020.jpg:1.02693	253000/253008.jpg:1.03786	111000/111057.jpg:1.04408	128000/128080.jpg:1.05298
queries/bird-2.jpg	152000/152035.jpg:0.927477	133000/133068.jpg:0.928749	152000/152094.jpg:0.933707	210000/210066.jpg:0.963599	152000/152069.jpg:0.996044	159000/159077.jpg:1.00217	163000/163000.jpg:1.01434	234000/234032.jpg:1.02348	152000/152073.jpg:1.02782	131000/131054.jpg:1.03027
queries/fly.jpg	165000/165073.jpg:0.794396	158000/158026.jpg:0.863957	208000/208041.jpg:0.911115	108000/108093.jpg:0.93517	110000/110078.jpg:0.937103	131000/131092.jpg:0.960906	211000/211074.jpg:0.963043	107000/107081.jpg:0.994077	201000/201097.jpg:1.00294	261000/261059.jpg:1.03941
queries/coast.jpg	131000/131074.jpg:0.978693	242000/242098.jpg:1.00326	252000/252028.jpg:1.0206	138000/138019.jpg:1.06062	257000/257074.jpg:1.06916	244000/244092.jpg:1.11059	237000/237034.jpg:1.12768	193000/193002.jpg:1.1588	144000/144074.jpg:1.16026	197000/197023.jpg:1.17117
queries/clock.jpg	168000/168083.jpg:1.08765	215000/215031.jpg:1.09292	105000/105059.jpg:1.10461	211000/211074.jpg:1.10571	193000/193063.jpg:1.11059	215000/215014.jpg:1.1258	168000/168084.jpg:1.13526	216000/216068.jpg:1.13864	112000/112095.jpg:1.1562	111000/111050.jpg:1.15862
queries/black-headed-sheep.jpg	108000/108067.jpg:0.913384	108000/108065.jpg:0.994849	220000/220014.jpg:1.00946	193000/193091.jpg:1.01508	131000/131038.jpg:1.03827	152000/152092.jpg:1.04391	131000/131057.jpg:1.04847	247000/247036.jpg:1.07214	108000/108024.jpg:1.08581	108000/108045.jpg:1.09648
queries/fireworks-11.jpg	191000/191085.jpg:1.22696	133000/133016.jpg:1.24233	15000/15082.jpg:1.27694	211000/211018.jpg:1.29094	106000/106051.jpg:1.2938	236000/236057.jpg:1.29553	211000/211027.jpg:1.32153	236000/236061.jpg:1.34881	219000/219068.jpg:1.35079	140000/140072.jpg:1.35281
queries/forest-38.jpg	171000/171092.jpg:0.783408	18000/18018.jpg:0.795543	106000/106031.jpg:0.812568	236000/236001.jpg:0.815463	110000/110034.jpg:0.818294	18000/18092.jpg:0.822782	184000/184009.jpg:0.8246	184000/184087.jpg:0.827509	252000/252009.jpg:0.845807	246000/246093.jpg:0.865493
queries/air-fighter.jpg	139000/139078.jpg:0.965336	243000/243061.jpg:1.02214	215000/215059.jpg:1.03511	191000/191095.jpg:1.0752	114000/114058.jpg:1.09238	225000/225092.jpg:1.09469	114000/114071.jpg:1.1133	199000/199069.jpg:1.11946	225000/225047.jpg:1.14153	225000/225025.jpg:1.14721
queries/apple-14.jpg	131000/131066.jpg:0.996447	152000/152044.jpg:1.05492	239000/239039.jpg:1.07263	142000/142057.jpg:1.09855	258000/258019.jpg:1.10775	258000/258082.jpg:1.10997	115000/115047.jpg:1.14866	132000/132005.jpg:1.1693	236000/236064.jpg:1.17056	133000/133023.jpg:1.18407
queries/civic-si-2.jpg	230000/230060.jpg:0.953339	126000/126042.jpg:0.992932	126000/126000.jpg:1.05394	126000/126089.jpg:1.06038	172000/172097.jpg:1.07063	235000/235079.jpg:1.08861	128000/128026.jpg:1.09267	222000/222018.jpg:1.09516	205000/205043.jpg:1.09711	207000/207083.jpg:1.09871
queries/buttercup-2.jpg	127000/127069.jpg:0.757429	133000/133026.jpg:0.792237	142000/142030.jpg:0.831393	127000/127061.jpg:0.90308	196000/196026.jpg:0.973754	127000/127017.jpg:0.991373	240000/240041.jpg:0.994732	240000/240097.jpg:1.00517	133000/133082.jpg:1.01263	133000/133010.jpg:1.01426
queries/cabrillo-national-monument.jpg	256000/256070.jpg:0.878816	140000/140088.jpg:0.933866	232000/232064.jpg:0.937885	243000/243043.jpg:0.955816	136000/136000.jpg:0.977646	228000/228010.jpg:0.997234	252000/252057.jpg:1.01469	199000/199084.jpg:1.01682	146000/146016.jpg:1.03356	117000/117049.jpg:1.05432
queries/banana-1.jpg	261000/261020.jpg:0.886829	17000/17048.jpg:0.994674	112000/112002.jpg:1.04801	154000/154089.jpg:1.05974	111000/111056.jpg:1.07548	205000/205088.jpg:1.08009	230000/230026.jpg:1.08254	140000/140074.jpg:1.08648	18000/18050.jpg:1.09086	105000/105046.jpg:1.09299
queries/bookshelf.jpg	166000/166043.jpg:1.01518	256000/256091.jpg:1.01529	126000/126016.jpg:1.04188	244000/244098.jpg:1.05159	167000/167046.jpg:1.0665	116000/116088.jpg:1.07589	109000/109076.jpg:1.07822	109000/109087.jpg:1.07992	154000/154079.jpg:1.08005	120000/120082.jpg:1.08505
queries/beach-2.jpg	235000/235056.jpg:1.22279	104000/104032.jpg:1.27532	257000/257068.jpg:1.28762	173000/173068.jpg:1.29478	219000/219099.jpg:1.33514	207000/207062.jpg:1.33789	257000/257042.jpg:1.34321	117000/117025.jpg:1.36689	225000/225047.jpg:1.37574	241000/241098.jpg:1.37784
queries/forest-16.jpg	256000/256010.jpg:0.888016	114000/114094.jpg:0.908461	224000/224026.jpg:0.945241	104000/104032.jpg:0.945663	136000/136062.jpg:0.956208	236000/236012.jpg:0.988604	232000/232067.jpg:1.01566	241000/241056.jpg:1.01887	224000/224084.jpg:1.0364	138000/138072.jpg:1.03771
queries/apartment.jpg	181000/181005.jpg:1.0785	192000/192014.jpg:1.15111	122000/122044.jpg:1.18017	126000/126072.jpg:1.21117	137000/137074.jpg:1.21372	241000/241035.jpg:1.26598	128000/128026.jpg:1.26708	260000/260017.jpg:1.2712	244000/244020.jpg:1.31004	247000/247055.jpg:1.32062
queries/arches-9.jpg	19000/19031.jpg:0.975541	19000/19052.jpg:1.04291	167000/167099.jpg:1.12846	19000/19028.jpg:1.12925	255000/255003.jpg:1.16239	196000/196043.jpg:1.21732	129000/129050.jpg:1.21775	19000/19063.jpg:1.25138	251000/251047.jpg:1.26124	261000/261037.jpg:1.28909
queries/cable-2.jpg	152000/152058.jpg:1.10264	227000/227055.jpg:1.17855	105000/105004.jpg:1.32675	120000/120092.jpg:1.34185	215000/215014.jpg:1.37304	223000/223063.jpg:1.41507	108000/108096.jpg:1.42909	149000/149083.jpg:1.44065	208000/208053.jpg:1.44553	229000/229080.jpg:1.45619
queries/crawfish-3.jpg	202000/202075.jpg:1.05526	222000/222098.jpg:1.0725	120000/120038.jpg:1.09827	242000/242097.jpg:1.12527	122000/122090.jpg:1.17891	199000/199009.jpg:1.20602	169000/169097.jpg:1.20768	120000/120042.jpg:1.21407	222000/222011.jpg:1.26792	19000/19093.jpg:1.27665
queries/death-valley-sand-dunes.jpg	212000/212064.jpg:0.968157	166000/166013.jpg:1.03008	217000/217076.jpg:1.08232	252000/252089.jpg:1.08686	203000/203050.jpg:1.09265	236000/236092.jpg:1.11598	161000/161045.jpg:1.1177	204000/204079.jpg:1.15137	215000/215051.jpg:1.15619	171000/171046.jpg:1.16575
queries/caesars-palace-2.jpg	220000/220035.jpg:0.957544	147000/147084.jpg:0.992675	150000/150098.jpg:1.00992	145000/145006.jpg:1.01723	229000/229046.jpg:1.04224	230000/230099.jpg:1.05118	194000/194003.jpg:1.05154	118000/118048.jpg:1.05371	128000/128014.jpg:1.07013	175000/175095.jpg:1.09026
queries/cactus-115.jpg	141000/141077.jpg:1.23594	218000/218095.jpg:1.2626	224000/224039.jpg:1.26519	216000/216086.jpg:1.26852	224000/224020.jpg:1.27495	242000/242044.jpg:1.28119	134000/134041.jpg:1.2916	19000/19039.jpg:1.29722	184000/184010.jpg:1.29836	128000/128080.jpg:1.31188
queries/american-flag-3.jpg	222000/222067.jpg:0.992937	257000/257056.jpg:1.02055	189000/189089.jpg:1.05585	232000/232024.jpg:1.07049	204000/204009.jpg:1.08466	227000/227059.jpg:1.09079	186000/186056.jpg:1.09294	181000/181076.jpg:1.0941	172000/172087.jpg:1.09602	139000/139064.jpg:1.09795
